jun 30, 2026 3:04:14 P. M. com.telcel.notifica.carga.envio.EnvioNotificaFacturaNva ObtenerContactosFactura
INFO: ========================INICIA PROCESO==========================
jun 30, 2026 3:04:14 P. M. com.telcel.notifica.carga.envio.EnvioNotificaFacturaNva ObtenerContactosFactura
INFO: COMENZANDO A OBTENER LAS FACTURAS...
jun 30, 2026 3:04:49 P. M. com.telcel.notifica.carga.envio.EnvioNotificaFacturaNva ObtenerContactosFactura
INFO: TERMINO DE OBTENER LAS FACTURAS...
jun 30, 2026 3:04:49 P. M. com.telcel.notifica.carga.envio.EnvioNotificaFacturaNva ObtenerContactosFactura
INFO: COMENZANDO A PREPARAR EL CORREO PARA NOTIFICAR A CEM...
jun 30, 2026 3:04:49 P. M. com.telcel.notifica.carga.envio.EnvioNotificaFacturaNva ObtenerContactosFactura
INFO: NO SE CARGARON FACTURAS PARA ESTA HORA...
jun 30, 2026 3:04:49 P. M. com.telcel.notifica.carga.envio.EnvioNotificaFacturaNva ObtenerContactosFactura
INFO: TERMINO EL ENVIO DE CORREO PARA NOTIFICAR A CEM...
jun 30, 2026 3:04:49 P. M. com.telcel.notifica.carga.envio.EnvioNotificaFacturaNva ObtenerContactosFactura
INFO: ========================TERMINO PROCESO==========================
jun 30, 2026 3:10:01 P. M. com.telcel.notifica.carga.envio.EnvioNotificaFacturaNva ObtenerContactosFactura
INFO: ========================INICIA PROCESO==========================
jun 30, 2026 3:10:01 P. M. com.telcel.notifica.carga.envio.EnvioNotificaFacturaNva ObtenerContactosFactura
INFO: COMENZANDO A OBTENER LAS FACTURAS...
jun 30, 2026 3:10:37 P. M. com.telcel.notifica.carga.envio.EnvioNotificaFacturaNva ObtenerContactosFactura
INFO: TERMINO DE OBTENER LAS FACTURAS...
jun 30, 2026 3:10:37 P. M. com.telcel.notifica.carga.envio.EnvioNotificaFacturaNva ObtenerContactosFactura
INFO: COMENZANDO A PREPARAR EL CORREO PARA NOTIFICAR A CEM...
jun 30, 2026 3:10:37 P. M. com.telcel.notifica.carga.envio.EnvioNotificaFacturaNva ObtenerContactosFactura
INFO: NO SE CARGARON FACTURAS PARA ESTA HORA...
jun 30, 2026 3:10:37 P. M. com.telcel.notifica.carga.envio.EnvioNotificaFacturaNva ObtenerContactosFactura
INFO: TERMINO EL ENVIO DE CORREO PARA NOTIFICAR A CEM...
jun 30, 2026 3:10:37 P. M. com.telcel.notifica.carga.envio.EnvioNotificaFacturaNva ObtenerContactosFactura
INFO: ========================TERMINO PROCESO==========================
jun 30, 2026 3:17:26 P. M. com.telcel.notifica.carga.envio.EnvioNotificaFacturaNva ObtenerContactosFactura
INFO: ========================INICIA PROCESO==========================
jun 30, 2026 3:17:26 P. M. com.telcel.notifica.carga.envio.EnvioNotificaFacturaNva ObtenerContactosFactura
INFO: COMENZANDO A OBTENER LAS FACTURAS...
jun 30, 2026 3:18:01 P. M. com.telcel.notifica.carga.envio.EnvioNotificaFacturaNva ObtenerContactosFactura
INFO: TERMINO DE OBTENER LAS FACTURAS...
jun 30, 2026 3:18:01 P. M. com.telcel.notifica.carga.envio.EnvioNotificaFacturaNva ObtenerContactosFactura
INFO: COMENZANDO A PREPARAR EL CORREO PARA NOTIFICAR A CEM...
jun 30, 2026 3:18:01 P. M. com.telcel.notifica.carga.envio.EnvioNotificaFacturaNva ObtenerContactosFactura
INFO: NO SE CARGARON FACTURAS PARA ESTA HORA...
jun 30, 2026 3:18:01 P. M. com.telcel.notifica.carga.envio.EnvioNotificaFacturaNva ObtenerContactosFactura
INFO: TERMINO EL ENVIO DE CORREO PARA NOTIFICAR A CEM...
jun 30, 2026 3:18:01 P. M. com.telcel.notifica.carga.envio.EnvioNotificaFacturaNva ObtenerContactosFactura
INFO: ========================TERMINO PROCESO==========================
